<?xml version="1.0" encoding="UTF-8"?>
<testsuites>
  <testsuite name="Money" tests="42" assertions="62" failures="0" errors="0" time="0.138140">
    <testsuite name="SebastianBergmann\Money\CurrencyTest" file="/var/www/html/jenkins/tests/CurrencyTest.php" tests="10" assertions="10" failures="0" errors="0" time="0.026251">
      <testcase name="testExceptionIsRaisedForInvalidConstructorArgument" class="SebastianBergmann\Money\CurrencyTest" file="/var/www/html/jenkins/tests/CurrencyTest.php" line="19" assertions="1" time="0.003125"/>
      <testcase name="testCanBeConstructedFromUppercaseString" class="SebastianBergmann\Money\CurrencyTest" file="/var/www/html/jenkins/tests/CurrencyTest.php" line="27" assertions="1" time="0.000995"/>
      <testcase name="testCanBeConstructedFromLowercaseString" class="SebastianBergmann\Money\CurrencyTest" file="/var/www/html/jenkins/tests/CurrencyTest.php" line="39" assertions="1" time="0.000786"/>
      <testcase name="testCustomCurrencyCanBeRegistered" class="SebastianBergmann\Money\CurrencyTest" file="/var/www/html/jenkins/tests/CurrencyTest.php" line="51" assertions="1" time="0.007685"/>
      <testcase name="testCanBeCastToString" class="SebastianBergmann\Money\CurrencyTest" file="/var/www/html/jenkins/tests/CurrencyTest.php" line="71" assertions="1" time="0.005378"/>
      <testcase name="testCurrencyCodeCanBeRetrieved" class="SebastianBergmann\Money\CurrencyTest" file="/var/www/html/jenkins/tests/CurrencyTest.php" line="80" assertions="1" time="0.001999"/>
      <testcase name="testDefaultFractionDigitsCanBeRetrieved" class="SebastianBergmann\Money\CurrencyTest" file="/var/www/html/jenkins/tests/CurrencyTest.php" line="89" assertions="1" time="0.001466"/>
      <testcase name="testDisplayNameCanBeRetrieved" class="SebastianBergmann\Money\CurrencyTest" file="/var/www/html/jenkins/tests/CurrencyTest.php" line="98" assertions="1" time="0.001346"/>
      <testcase name="testNumericCodeCanBeRetrieved" class="SebastianBergmann\Money\CurrencyTest" file="/var/www/html/jenkins/tests/CurrencyTest.php" line="107" assertions="1" time="0.001531"/>
      <testcase name="testSubUnitCanBeRetrieved" class="SebastianBergmann\Money\CurrencyTest" file="/var/www/html/jenkins/tests/CurrencyTest.php" line="116" assertions="1" time="0.001940"/>
    </testsuite>
    <testsuite name="SebastianBergmann\Money\IntlFormatterTest" file="/var/www/html/jenkins/tests/IntlFormatterTest.php" tests="1" assertions="1" failures="0" errors="0" time="0.003805">
      <testcase name="testMoneyObjectCanBeFormattedAsString" class="SebastianBergmann\Money\IntlFormatterTest" file="/var/www/html/jenkins/tests/IntlFormatterTest.php" line="21" assertions="1" time="0.003805"/>
    </testsuite>
    <testsuite name="SebastianBergmann\Money\MoneyTest" file="/var/www/html/jenkins/tests/MoneyTest.php" tests="31" assertions="51" failures="0" errors="0" time="0.108084">
      <testcase name="testExceptionIsRaisedForInvalidConstructorArguments" class="SebastianBergmann\Money\MoneyTest" file="/var/www/html/jenkins/tests/MoneyTest.php" line="20" assertions="1" time="0.001333"/>
      <testcase name="testExceptionIsRaisedForInvalidConstructorArguments2" class="SebastianBergmann\Money\MoneyTest" file="/var/www/html/jenkins/tests/MoneyTest.php" line="31" assertions="1" time="0.000770"/>
      <testcase name="testExceptionIsRaisedForInvalidConstructorArguments3" class="SebastianBergmann\Money\MoneyTest" file="/var/www/html/jenkins/tests/MoneyTest.php" line="41" assertions="1" time="0.000572"/>
      <testcase name="testObjectCanBeConstructedForValidConstructorArguments" class="SebastianBergmann\Money\MoneyTest" file="/var/www/html/jenkins/tests/MoneyTest.php" line="51" assertions="1" time="0.000746"/>
      <testcase name="testObjectCanBeConstructedForValidConstructorArguments2" class="SebastianBergmann\Money\MoneyTest" file="/var/www/html/jenkins/tests/MoneyTest.php" line="65" assertions="1" time="0.000914"/>
      <testcase name="testObjectCanBeConstructedFromStringValue" class="SebastianBergmann\Money\MoneyTest" file="/var/www/html/jenkins/tests/MoneyTest.php" line="80" assertions="1" time="0.004202"/>
      <testcase name="testObjectCanBeConstructedFromStringValue2" class="SebastianBergmann\Money\MoneyTest" file="/var/www/html/jenkins/tests/MoneyTest.php" line="94" assertions="1" time="0.004649"/>
      <testcase name="testAmountCanBeRetrieved" class="SebastianBergmann\Money\MoneyTest" file="/var/www/html/jenkins/tests/MoneyTest.php" line="106" assertions="1" time="0.002280"/>
      <testcase name="testCurrencyCanBeRetrieved" class="SebastianBergmann\Money\MoneyTest" file="/var/www/html/jenkins/tests/MoneyTest.php" line="116" assertions="1" time="0.002571"/>
      <testcase name="testAnotherMoneyObjectWithSameCurrencyCanBeAdded" class="SebastianBergmann\Money\MoneyTest" file="/var/www/html/jenkins/tests/MoneyTest.php" line="132" assertions="3" time="0.013440"/>
      <testcase name="testExceptionIsThrownForOverflowingAddition" class="SebastianBergmann\Money\MoneyTest" file="/var/www/html/jenkins/tests/MoneyTest.php" line="155" assertions="1" time="0.001420"/>
      <testcase name="testExceptionIsRaisedForIntegerOverflow" class="SebastianBergmann\Money\MoneyTest" file="/var/www/html/jenkins/tests/MoneyTest.php" line="171" assertions="1" time="0.001368"/>
      <testcase name="testExceptionIsRaisedWhenMoneyObjectWithDifferentCurrencyIsAdded" class="SebastianBergmann\Money\MoneyTest" file="/var/www/html/jenkins/tests/MoneyTest.php" line="187" assertions="1" time="0.001095"/>
      <testcase name="testAnotherMoneyObjectWithSameCurrencyCanBeSubtracted" class="SebastianBergmann\Money\MoneyTest" file="/var/www/html/jenkins/tests/MoneyTest.php" line="206" assertions="3" time="0.005364"/>
      <testcase name="testExceptionIsThrownForOverflowingSubtraction" class="SebastianBergmann\Money\MoneyTest" file="/var/www/html/jenkins/tests/MoneyTest.php" line="229" assertions="1" time="0.001024"/>
      <testcase name="testExceptionIsRaisedWhenMoneyObjectWithDifferentCurrencyIsSubtracted" class="SebastianBergmann\Money\MoneyTest" file="/var/www/html/jenkins/tests/MoneyTest.php" line="246" assertions="1" time="0.001158"/>
      <testcase name="testCanBeNegated" class="SebastianBergmann\Money\MoneyTest" file="/var/www/html/jenkins/tests/MoneyTest.php" line="262" assertions="2" time="0.002687"/>
      <testcase name="testCanBeMultipliedByAFactor" class="SebastianBergmann\Money\MoneyTest" file="/var/www/html/jenkins/tests/MoneyTest.php" line="281" assertions="2" time="0.003270"/>
      <testcase name="testExceptionIsRaisedWhenMultipliedUsingInvalidRoundingMode" class="SebastianBergmann\Money\MoneyTest" file="/var/www/html/jenkins/tests/MoneyTest.php" line="297" assertions="1" time="0.001027"/>
      <testcase name="testCanBeAllocatedToNumberOfTargets" class="SebastianBergmann\Money\MoneyTest" file="/var/www/html/jenkins/tests/MoneyTest.php" line="311" assertions="1" time="0.024848"/>
      <testcase name="testPercentageCanBeExtracted" class="SebastianBergmann\Money\MoneyTest" file="/var/www/html/jenkins/tests/MoneyTest.php" line="347" assertions="2" time="0.006939"/>
      <testcase name="testExceptionIsRaisedWhenTryingToAllocateToInvalidNumberOfTargets" class="SebastianBergmann\Money\MoneyTest" file="/var/www/html/jenkins/tests/MoneyTest.php" line="363" assertions="1" time="0.001018"/>
      <testcase name="testCanBeAllocatedByRatios" class="SebastianBergmann\Money\MoneyTest" file="/var/www/html/jenkins/tests/MoneyTest.php" line="379" assertions="1" time="0.006186"/>
      <testcase name="testCanBeComparedToAnotherMoneyObjectWithSameCurrency" class="SebastianBergmann\Money\MoneyTest" file="/var/www/html/jenkins/tests/MoneyTest.php" line="402" assertions="3" time="0.004884"/>
      <testcase name="testCanBeComparedToAnotherMoneyObjectWithSameCurrency2" class="SebastianBergmann\Money\MoneyTest" file="/var/www/html/jenkins/tests/MoneyTest.php" line="423" assertions="2" time="0.001481"/>
      <testcase name="testCanBeComparedToAnotherMoneyObjectWithSameCurrency3" class="SebastianBergmann\Money\MoneyTest" file="/var/www/html/jenkins/tests/MoneyTest.php" line="443" assertions="2" time="0.001424"/>
      <testcase name="testCanBeComparedToAnotherMoneyObjectWithSameCurrency4" class="SebastianBergmann\Money\MoneyTest" file="/var/www/html/jenkins/tests/MoneyTest.php" line="463" assertions="4" time="0.003808"/>
      <testcase name="testCanBeComparedToAnotherMoneyObjectWithSameCurrency5" class="SebastianBergmann\Money\MoneyTest" file="/var/www/html/jenkins/tests/MoneyTest.php" line="487" assertions="4" time="0.002309"/>
      <testcase name="testCanBeComparedToAnotherMoneyObjectWithSameCurrency6" class="SebastianBergmann\Money\MoneyTest" file="/var/www/html/jenkins/tests/MoneyTest.php" line="512" assertions="4" time="0.002081"/>
      <testcase name="testExceptionIsRaisedWhenComparedToMoneyObjectWithDifferentCurrency" class="SebastianBergmann\Money\MoneyTest" file="/var/www/html/jenkins/tests/MoneyTest.php" line="533" assertions="1" time="0.001166"/>
      <testcase name="testCanBeSerializedToJson" class="SebastianBergmann\Money\MoneyTest" file="/var/www/html/jenkins/tests/MoneyTest.php" line="548" assertions="1" time="0.002050"/>
    </testsuite>
  </testsuite>
</testsuites>
